<?xml version="1.0" encoding="utf-8"?><testsuites name="pytest tests"><testsuite name="pytest" errors="0" failures="0" skipped="0" tests="22" time="5.064" timestamp="2026-06-17T08:14:02.094826+00:00" hostname="agent-env-84d8f81b-67a7-4b12-bc29-da810b73bf8a"><testcase classname="backend.tests.test_mycelium_backend" name="test_root" time="0.243" /><testcase classname="backend.tests.test_mycelium_backend" name="test_list_characters" time="0.043" /><testcase classname="backend.tests.test_mycelium_backend" name="test_get_character" time="0.087" /><testcase classname="backend.tests.test_mycelium_backend" name="test_update_character" time="0.121" /><testcase classname="backend.tests.test_mycelium_backend" name="test_duplicate_character" time="0.167" /><testcase classname="backend.tests.test_mycelium_backend" name="test_crud_collection[spells-extra0]" time="0.299" /><testcase classname="backend.tests.test_mycelium_backend" name="test_crud_collection[creatures-extra1]" time="0.254" /><testcase classname="backend.tests.test_mycelium_backend" name="test_crud_collection[diary-extra2]" time="0.255" /><testcase classname="backend.tests.test_mycelium_backend" name="test_crud_collection[memories-extra3]" time="0.247" /><testcase classname="backend.tests.test_mycelium_backend" name="test_crud_collection[dreams-extra4]" time="0.261" /><testcase classname="backend.tests.test_mycelium_backend" name="test_crud_collection[fungi-extra5]" time="0.215" /><testcase classname="backend.tests.test_mycelium_backend" name="test_crud_collection[recipes-extra6]" time="0.296" /><testcase classname="backend.tests.test_mycelium_backend" name="test_crud_collection[deaths-extra7]" time="0.216" /><testcase classname="backend.tests.test_mycelium_backend" name="test_crud_collection[inventory-extra8]" time="0.216" /><testcase classname="backend.tests.test_mycelium_backend" name="test_crud_collection[effects-extra9]" time="0.213" /><testcase classname="backend.tests.test_mycelium_backend" name="test_resources_crud_and_long_rest" time="0.470" /><testcase classname="backend.tests.test_mycelium_backend" name="test_short_rest_restores_short" time="0.207" /><testcase classname="backend.tests.test_mycelium_backend" name="test_long_rest_clears_concentration" time="0.166" /><testcase classname="backend.tests.test_mycelium_backend" name="test_search" time="0.203" /><testcase classname="backend.tests.test_mycelium_backend" name="test_themes_crud" time="0.255" /><testcase classname="backend.tests.test_mycelium_backend" name="test_cascade_delete" time="0.245" /><testcase classname="backend.tests.test_mycelium_backend" name="test_404s" time="0.213" /></testsuite></testsuites>
