<?xml version="1.0" encoding="utf-8"?><testsuites name="pytest tests"><testsuite name="pytest" errors="0" failures="0" skipped="0" tests="10" time="2.334" timestamp="2026-06-17T14:35:11.616549+00:00" hostname="agent-env-b9835bcf-f934-4279-a94f-e4e10b13310e"><testcase classname="backend.tests.test_mycelium_api" name="test_root" time="0.271" /><testcase classname="backend.tests.test_mycelium_api" name="test_crud[spells-payload0]" time="0.309" /><testcase classname="backend.tests.test_mycelium_api" name="test_crud[memories-payload1]" time="0.243" /><testcase classname="backend.tests.test_mycelium_api" name="test_crud[recipes-payload2]" time="0.201" /><testcase classname="backend.tests.test_mycelium_api" name="test_crud[deaths-payload3]" time="0.207" /><testcase classname="backend.tests.test_mycelium_api" name="test_crud[diary-payload4]" time="0.187" /><testcase classname="backend.tests.test_mycelium_api" name="test_crud[dreams-payload5]" time="0.200" /><testcase classname="backend.tests.test_mycelium_api" name="test_crud[creatures-payload6]" time="0.201" /><testcase classname="backend.tests.test_mycelium_api" name="test_crud[fungi-payload7]" time="0.198" /><testcase classname="backend.tests.test_mycelium_api" name="test_spell_always_prepared_persists" time="0.140" /></testsuite></testsuites>